0 info it worked if it ends with ok
1 verbose cli [ '/usr/local/bin/node',
1 verbose cli   '/usr/local/bin/npm',
1 verbose cli   'install',
1 verbose cli   '-',
1 verbose cli   'ionic' ]
2 info using npm@2.14.7
3 info using node@v4.2.2
4 verbose install initial load of /Users/amitchoudhary/Documents/Cordova-Apps/VecotrV/package.json
5 warn package.json vecotrv@1.1.1 No repository field.
6 warn package.json vecotrv@1.1.1 No README data
7 warn package.json vecotrv@1.1.1 No license field.
8 verbose readDependencies loading dependencies from /Users/amitchoudhary/Documents/Cordova-Apps/VecotrV/package.json
9 silly cache add args [ '-', null ]
10 verbose cache add spec -
11 silly cache add args [ 'ionic', null ]
12 verbose cache add spec ionic
13 silly cache add parsed spec Result {
13 silly cache add   raw: '-',
13 silly cache add   scope: null,
13 silly cache add   name: null,
13 silly cache add   rawSpec: '-',
13 silly cache add   spec: '/Users/amitchoudhary/Documents/Cordova-Apps/VecotrV/-',
13 silly cache add   type: 'local' }
14 silly cache add parsed spec Result {
14 silly cache add   raw: 'ionic',
14 silly cache add   scope: null,
14 silly cache add   name: 'ionic',
14 silly cache add   rawSpec: '',
14 silly cache add   spec: '*',
14 silly cache add   type: 'range' }
15 silly addNamed ionic@*
16 verbose addNamed "*" is a valid semver range for ionic
17 silly addNameRange { name: 'ionic', range: '*', hasData: false }
18 silly mapToRegistry name ionic
19 silly mapToRegistry using default registry
20 silly mapToRegistry registry https://registry.npmjs.org/
21 silly mapToRegistry uri https://registry.npmjs.org/ionic
22 verbose addNameRange registry:https://registry.npmjs.org/ionic not in flight; fetching
23 error addLocal Could not install /Users/amitchoudhary/Documents/Cordova-Apps/VecotrV/-
24 verbose request uri https://registry.npmjs.org/ionic
25 verbose request no auth needed
26 info attempt registry request try #1 at 5:05:29 PM
27 verbose request id fd55ebe760767141
28 verbose etag "55LDI4429C5Q0E3YB0RG7G86Y"
29 http request GET https://registry.npmjs.org/ionic
30 http 200 https://registry.npmjs.org/ionic
31 verbose headers { server: 'CouchDB/1.5.0 (Erlang OTP/R16B03)',
31 verbose headers   etag: '"6PII78BB43TSAD8WRLFUS00I2"',
31 verbose headers   'content-type': 'application/json',
31 verbose headers   'cache-control': 'max-age=300',
31 verbose headers   'content-length': '664494',
31 verbose headers   'accept-ranges': 'bytes',
31 verbose headers   date: 'Fri, 22 Jan 2016 01:05:30 GMT',
31 verbose headers   via: '1.1 varnish',
31 verbose headers   age: '0',
31 verbose headers   connection: 'keep-alive',
31 verbose headers   'x-served-by': 'cache-sjc3124-SJC',
31 verbose headers   'x-cache': 'HIT',
31 verbose headers   'x-cache-hits': '1',
31 verbose headers   'x-timer': 'S1453424730.362719,VS0,VE390',
31 verbose headers   vary: 'Accept' }
32 silly get cb [ 200,
32 silly get   { server: 'CouchDB/1.5.0 (Erlang OTP/R16B03)',
32 silly get     etag: '"6PII78BB43TSAD8WRLFUS00I2"',
32 silly get     'content-type': 'application/json',
32 silly get     'cache-control': 'max-age=300',
32 silly get     'content-length': '664494',
32 silly get     'accept-ranges': 'bytes',
32 silly get     date: 'Fri, 22 Jan 2016 01:05:30 GMT',
32 silly get     via: '1.1 varnish',
32 silly get     age: '0',
32 silly get     connection: 'keep-alive',
32 silly get     'x-served-by': 'cache-sjc3124-SJC',
32 silly get     'x-cache': 'HIT',
32 silly get     'x-cache-hits': '1',
32 silly get     'x-timer': 'S1453424730.362719,VS0,VE390',
32 silly get     vary: 'Accept' } ]
33 verbose get saving ionic to /Users/amitchoudhary/.npm/registry.npmjs.org/ionic/.cache.json
34 silly addNameRange number 2 { name: 'ionic', range: '*', hasData: true }
35 silly addNameRange versions [ 'ionic',
35 silly addNameRange   [ '0.9.6',
35 silly addNameRange     '0.9.8',
35 silly addNameRange     '0.9.9',
35 silly addNameRange     '0.9.10',
35 silly addNameRange     '0.9.11',
35 silly addNameRange     '0.9.12',
35 silly addNameRange     '0.9.13',
35 silly addNameRange     '0.9.14',
35 silly addNameRange     '0.9.15',
35 silly addNameRange     '0.9.16',
35 silly addNameRange     '1.0.0-beta.1',
35 silly addNameRange     '1.0.0-beta',
35 silly addNameRange     '1.0.1-beta',
35 silly addNameRange     '1.0.3-beta',
35 silly addNameRange     '1.0.4',
35 silly addNameRange     '1.0.5',
35 silly addNameRange     '1.0.6',
35 silly addNameRange     '1.0.7',
35 silly addNameRange     '1.0.8',
35 silly addNameRange     '1.0.9',
35 silly addNameRange     '1.0.10',
35 silly addNameRange     '1.0.11',
35 silly addNameRange     '1.0.12',
35 silly addNameRange     '1.0.13',
35 silly addNameRange     '1.0.14',
35 silly addNameRange     '1.0.15',
35 silly addNameRange     '1.0.16',
35 silly addNameRange     '1.0.17',
35 silly addNameRange     '1.1.0-beta1',
35 silly addNameRange     '1.1.0-beta2',
35 silly addNameRange     '1.1.0-beta3',
35 silly addNameRange     '1.1.0-beta4',
35 silly addNameRange     '1.1.0-beta5',
35 silly addNameRange     '1.1.0-beta6',
35 silly addNameRange     '1.1.0',
35 silly addNameRange     '1.1.1-beta1',
35 silly addNameRange     '1.1.1-beta2',
35 silly addNameRange     '1.1.1-beta3',
35 silly addNameRange     '1.1.1',
35 silly addNameRange     '1.1.3',
35 silly addNameRange     '1.1.4',
35 silly addNameRange     '1.1.5-beta1',
35 silly addNameRange     '1.1.5-beta2',
35 silly addNameRange     '1.1.5-beta3',
35 silly addNameRange     '1.1.5-beta4',
35 silly addNameRange     '1.1.5-beta5',
35 silly addNameRange     '1.1.5',
35 silly addNameRange     '1.1.6',
35 silly addNameRange     '1.1.7-beta1',
35 silly addNameRange     '1.1.7',
35 silly addNameRange     '1.1.8-beta1',
35 silly addNameRange     '1.1.8-beta2',
35 silly addNameRange     '1.1.8-beta3',
35 silly addNameRange     '1.1.8-beta4',
35 silly addNameRange     '1.1.8-beta5',
35 silly addNameRange     '1.1.8',
35 silly addNameRange     '1.1.9-beta1',
35 silly addNameRange     '1.1.9',
35 silly addNameRange     '1.1.10',
35 silly addNameRange     '1.1.11-beta1',
35 silly addNameRange     '1.1.11-beta2',
35 silly addNameRange     '1.1.11',
35 silly addNameRange     '1.1.12-beta1',
35 silly addNameRange     '1.1.12-beta2',
35 silly addNameRange     '1.1.12-beta3',
35 silly addNameRange     '1.1.12',
35 silly addNameRange     '1.1.13',
35 silly addNameRange     '1.1.14-beta1',
35 silly addNameRange     '1.1.14-beta2',
35 silly addNameRange     '1.1.14-beta3',
35 silly addNameRange     '1.2.0-beta1',
35 silly addNameRange     '1.2.0',
35 silly addNameRange     '1.2.1-beta1',
35 silly addNameRange     '1.2.1-beta2',
35 silly addNameRange     '1.2.1-beta3',
35 silly addNameRange     '1.2.1-beta4',
35 silly addNameRange     '1.2.1',
35 silly addNameRange     '1.2.2',
35 silly addNameRange     '1.2.3-beta1',
35 silly addNameRange     '1.2.3-beta2',
35 silly addNameRange     '1.2.3-beta3',
35 silly addNameRange     '1.2.3',
35 silly addNameRange     '1.2.4-beta1',
35 silly addNameRange     '1.2.4-beta2',
35 silly addNameRange     '1.2.4-beta3',
35 silly addNameRange     '1.2.4',
35 silly addNameRange     '1.2.5-beta1',
35 silly addNameRange     '1.2.5-beta2',
35 silly addNameRange     '1.2.5-beta3',
35 silly addNameRange     '1.2.5',
35 silly addNameRange     '1.2.6-beta1',
35 silly addNameRange     '1.2.6-beta2',
35 silly addNameRange     '1.2.6-beta3',
35 silly addNameRange     '1.2.6',
35 silly addNameRange     '1.2.7',
35 silly addNameRange     '1.2.8-beta1',
35 silly addNameRange     '1.2.8-beta2',
35 silly addNameRange     '1.2.8',
35 silly addNameRange     '1.2.9',
35 silly addNameRange     '1.2.10',
35 silly addNameRange     '1.2.11',
35 silly addNameRange     '1.2.12',
35 silly addNameRange     '1.2.13',
35 silly addNameRange     '1.2.14-beta1',
35 silly addNameRange     '1.2.14-beta2',
35 silly addNameRange     '1.2.14-beta3',
35 silly addNameRange     '1.2.14-beta4',
35 silly addNameRange     '1.2.14-beta5',
35 silly addNameRange     '1.2.14-beta6',
35 silly addNameRange     '1.2.14',
35 silly addNameRange     '1.3.0-beta1',
35 silly addNameRange     '1.3.0',
35 silly addNameRange     '1.3.1',
35 silly addNameRange     '1.3.2',
35 silly addNameRange     '1.3.3',
35 silly addNameRange     '1.3.4',
35 silly addNameRange     '1.3.5',
35 silly addNameRange     '1.3.6',
35 silly addNameRange     '1.3.7',
35 silly addNameRange     '1.3.8',
35 silly addNameRange     '1.3.9',
35 silly addNameRange     '1.3.10',
35 silly addNameRange     '1.4.0-alpha.1',
35 silly addNameRange     '1.3.11',
35 silly addNameRange     '1.3.1-1.alpha.0',
35 silly addNameRange     '1.4.0-alpha.2',
35 silly addNameRange     '1.3.12',
35 silly addNameRange     '1.3.12-beta.1',
35 silly addNameRange     '1.3.12-beta.2',
35 silly addNameRange     '1.3.13-beta.0',
35 silly addNameRange     '1.3.1-3.beta.1',
35 silly addNameRange     '1.3.1-3.beta.2',
35 silly addNameRange     '1.3.13',
35 silly addNameRange     '1.3.1-3.beta.4',
35 silly addNameRange     '1.3.14-beta',
35 silly addNameRange     '1.3.14-beta.1',
35 silly addNameRange     '1.4.0-alpha.3',
35 silly addNameRange     '1.3.14',
35 silly addNameRange     '1.4.0-alpha.4',
35 silly addNameRange     '1.4.0-alpha.5',
35 silly addNameRange     '1.3.15-beta.0',
35 silly addNameRange     '1.3.15-beta.1',
35 silly addNameRange     '1.3.15-beta.2',
35 silly addNameRange     '1.3.15-beta.3',
35 silly addNameRange     '1.3.15-beta.4',
35 silly addNameRange     '1.3.15',
35 silly addNameRange     '1.3.16',
35 silly addNameRange     '1.4.0-alpha.6',
35 silly addNameRange     '1.3.17-beta.0',
35 silly addNameRange     '1.3.17-beta.1',
35 silly addNameRange     '1.3.17-beta.2',
35 silly addNameRange     '1.3.17-beta.3',
35 silly addNameRange     '1.3.1-7.beta.4',
35 silly addNameRange     '1.3.17',
35 silly addNameRange     '1.3.18-beta.0',
35 silly addNameRange     '1.3.18-beta.1',
35 silly addNameRange     '1.3.18-beta.2',
35 silly addNameRange     '1.3.18-beta.3',
35 silly addNameRange     '1.3.18',
35 silly addNameRange     '1.3.19-beta.0',
35 silly addNameRange     '1.3.19-beta.1',
35 silly addNameRange     '1.3.19-beta.2',
35 silly addNameRange     '1.3.19-beta.3',
35 silly addNameRange     '1.3.19-beta.4',
35 silly addNameRange     '1.3.19',
35 silly addNameRange     '1.3.20',
35 silly addNameRange     '1.4.1-beta.0',
35 silly addNameRange     '1.4.0-beta.1',
35 silly addNameRange     '1.4.0-beta.2',
35 silly addNameRange     '1.4.0-beta.3',
35 silly addNameRange     '1.4.0-beta.5',
35 silly addNameRange     '1.4.0-beta.6',
35 silly addNameRange     '1.4.0-beta.7',
35 silly addNameRange     '1.3.21-beta.0',
35 silly addNameRange     '1.3.21-beta.1',
35 silly addNameRange     '1.3.21',
35 silly addNameRange     '1.3.22',
35 silly addNameRange     '1.4.0-beta.8',
35 silly addNameRange     '1.4.0-beta.9',
35 silly addNameRange     '1.4.0-beta.10',
35 silly addNameRange     '1.4.0-beta.11',
35 silly addNameRange     '1.4.0-beta.12',
35 silly addNameRange     '1.4.0-beta.13',
35 silly addNameRange     '1.4.0-beta.14',
35 silly addNameRange     '1.4.0-beta.15',
35 silly addNameRange     '1.4.0-beta.16',
35 silly addNameRange     '1.4.0-beta.17',
35 silly addNameRange     '1.4.0-beta.18',
35 silly addNameRange     '1.4.0',
35 silly addNameRange     '1.4.1',
35 silly addNameRange     '1.4.2',
35 silly addNameRange     '1.4.3',
35 silly addNameRange     '1.4.4-beta.0',
35 silly addNameRange     '1.4.4-beta.2',
35 silly addNameRange     '1.4.4',
35 silly addNameRange     '1.4.5-beta.0',
35 silly addNameRange     '1.4.5-beta.1',
35 silly addNameRange     '1.4.5-beta.2',
35 silly addNameRange     '1.4.5-beta.3',
35 silly addNameRange     '1.4.5',
35 silly addNameRange     '1.4.6-beta.0',
35 silly addNameRange     '1.4.6',
35 silly addNameRange     '1.4.7',
35 silly addNameRange     '1.4.8',
35 silly addNameRange     '1.5.0-beta.0',
35 silly addNameRange     '1.5.0-beta.1',
35 silly addNameRange     '1.5.0',
35 silly addNameRange     '1.5.1-beta.0',
35 silly addNameRange     '1.5.1-beta.1',
35 silly addNameRange     '1.5.1-beta.2',
35 silly addNameRange     '1.5.1-beta.3',
35 silly addNameRange     '1.5.1-beta.4',
35 silly addNameRange     '1.5.1',
35 silly addNameRange     '1.5.2',
35 silly addNameRange     '1.5.3',
35 silly addNameRange     '1.5.4',
35 silly addNameRange     '1.5.5',
35 silly addNameRange     '1.6.0-beta.1',
35 silly addNameRange     '1.6.0',
35 silly addNameRange     '1.6.1',
35 silly addNameRange     '1.6.2-beta.0',
35 silly addNameRange     '1.6.2-beta.1',
35 silly addNameRange     '1.6.2-beta.2',
35 silly addNameRange     '1.6.2',
35 silly addNameRange     '1.6.3-beta.0',
35 silly addNameRange     '1.6.3-beta.1',
35 silly addNameRange     '1.6.3',
35 silly addNameRange     '1.6.4-beta.0',
35 silly addNameRange     '1.6.4-beta.1',
35 silly addNameRange     '1.6.4',
35 silly addNameRange     '1.7.0-beta.0',
35 silly addNameRange     '1.7.0-beta.1',
35 silly addNameRange     '1.7.0-beta.2',
35 silly addNameRange     '1.7.0-beta.3',
35 silly addNameRange     '2.0.0-alpha.1',
35 silly addNameRange     '2.0.0-alpha.3',
35 silly addNameRange     '1.7.0-beta.4',
35 silly addNameRange     '1.6.5-testing.0',
35 silly addNameRange     '1.6.5-testing.1',
35 silly addNameRange     '1.6.5-testing.2',
35 silly addNameRange     '1.6.5-testing.3',
35 silly addNameRange     '1.6.5',
35 silly addNameRange     '2.0.0-alpha.4',
35 silly addNameRange     '1.7.0-beta.5',
35 silly addNameRange     '1.7.0-beta.6',
35 silly addNameRange     '1.7.0',
35 silly addNameRange     '2.0.0-alpha.5',
35 silly addNameRange     '2.0.0-alpha.6',
35 silly addNameRange     '1.7.1',
35 silly addNameRange     '2.0.0-alpha.7',
35 silly addNameRange     '2.0.0-alpha.8',
35 silly addNameRange     '1.7.2',
35 silly addNameRange     '1.7.3',
35 silly addNameRange     '1.7.4',
35 silly addNameRange     '1.7.5',
35 silly addNameRange     '1.7.6',
35 silly addNameRange     '1.7.7-beta.0',
35 silly addNameRange     '2.0.0-alpha.9',
35 silly addNameRange     '1.7.7',
35 silly addNameRange     '2.0.0-alpha.10',
35 silly addNameRange     '2.0.0-alpha.11',
35 silly addNameRange     '2.0.0-alpha.12',
35 silly addNameRange     '2.0.0-alpha.13',
35 silly addNameRange     '2.0.0-alpha.14',
35 silly addNameRange     '2.0.0-alpha.15',
35 silly addNameRange     '2.0.0-alpha.16',
35 silly addNameRange     '2.0.0-alpha.17',
35 silly addNameRange     '2.0.0-alpha.18',
35 silly addNameRange     '1.7.8-beta.0',
35 silly addNameRange     '1.7.8-beta.1',
35 silly addNameRange     '1.7.8-beta.2',
35 silly addNameRange     '1.7.8-beta.3',
35 silly addNameRange     '1.7.8',
35 silly addNameRange     '2.0.0-alpha.19',
35 silly addNameRange     '2.0.0-alpha.20',
35 silly addNameRange     '2.0.0-alpha.21',
35 silly addNameRange     '2.0.0-alpha.22',
35 silly addNameRange     '2.0.0-alpha.23',
35 silly addNameRange     '1.7.9',
35 silly addNameRange     '1.7.10',
35 silly addNameRange     '2.0.0-alpha.24',
35 silly addNameRange     '2.0.0-alpha.25',
35 silly addNameRange     '2.0.0-beta.1',
35 silly addNameRange     '1.7.11',
35 silly addNameRange     '2.0.0-beta.2',
35 silly addNameRange     '2.0.0-beta.3',
35 silly addNameRange     '2.0.0-beta.4',
35 silly addNameRange     '2.0.0-beta.5',
35 silly addNameRange     '2.0.0-beta.6',
35 silly addNameRange     '2.0.0-beta.7',
35 silly addNameRange     '2.0.0-beta.8',
35 silly addNameRange     '2.0.0-beta.9',
35 silly addNameRange     '2.0.0-beta.10',
35 silly addNameRange     '2.0.0-beta.11',
35 silly addNameRange     '1.7.12',
35 silly addNameRange     '2.0.0-beta.12',
35 silly addNameRange     '2.0.0-beta.13',
35 silly addNameRange     '2.0.0-beta.14',
35 silly addNameRange     '2.0.0-beta.15',
35 silly addNameRange     '2.0.0-beta.16',
35 silly addNameRange     '2.0.0-beta.17',
35 silly addNameRange     '1.7.13' ] ]
36 silly addNamed ionic@1.7.13
37 verbose addNamed "1.7.13" is a plain semver version for ionic
38 silly mapToRegistry name ionic
39 silly mapToRegistry using default registry
40 silly mapToRegistry registry https://registry.npmjs.org/
41 silly mapToRegistry uri https://registry.npmjs.org/ionic
42 verbose addRemoteTarball https://registry.npmjs.org/ionic/-/ionic-1.7.13.tgz not in flight; adding
43 verbose addRemoteTarball [ 'https://registry.npmjs.org/ionic/-/ionic-1.7.13.tgz',
43 verbose addRemoteTarball   '0a16c0aea3280acd406938d31165fc0f2d258e06' ]
44 info retry fetch attempt 1 at 5:05:33 PM
45 info attempt registry request try #1 at 5:05:33 PM
46 http fetch GET https://registry.npmjs.org/ionic/-/ionic-1.7.13.tgz
47 http fetch 200 https://registry.npmjs.org/ionic/-/ionic-1.7.13.tgz
48 silly fetchAndShaCheck shasum 0a16c0aea3280acd406938d31165fc0f2d258e06
49 verbose addTmpTarball /var/folders/t6/9f7mb26s0_7gbbrxj_smw6780000gn/T/npm-4326-b940b6c6/registry.npmjs.org/ionic/-/ionic-1.7.13.tgz not in flight; adding
50 verbose addTmpTarball already have metadata; skipping unpack for ionic@1.7.13
51 silly cache afterAdd ionic@1.7.13
52 verbose afterAdd /Users/amitchoudhary/.npm/ionic/1.7.13/package/package.json not in flight; writing
53 verbose afterAdd /Users/amitchoudhary/.npm/ionic/1.7.13/package/package.json written
54 verbose stack Error: ENOENT: no such file or directory, open '/Users/amitchoudhary/Documents/Cordova-Apps/VecotrV/-'
54 verbose stack     at Error (native)
55 verbose cwd /Users/amitchoudhary/Documents/Cordova-Apps/VecotrV
56 error Darwin 14.5.0
57 error argv "/usr/local/bin/node" "/usr/local/bin/npm" "install" "-" "ionic"
58 error node v4.2.2
59 error npm  v2.14.7
60 error path /Users/amitchoudhary/Documents/Cordova-Apps/VecotrV/-
61 error code ENOENT
62 error errno -2
63 error syscall open
64 error enoent ENOENT: no such file or directory, open '/Users/amitchoudhary/Documents/Cordova-Apps/VecotrV/-'
64 error enoent This is most likely not a problem with npm itself
64 error enoent and is related to npm not being able to find a file.
65 verbose exit [ -2, true ]
